* installing *source* package 'tsExtra' ...
** using staged installation
** libs
g++  -std=gnu++17 -I"C:/PROGRA~1/R/R-42~1.2/include" -DNDEBUG  -I'C:/Users/rmoja/AppData/Local/R/win-library/4.2/BH/include' -I'C:/Users/rmoja/AppData/Local/R/win-library/4.2/Rcpp/include'   -I"C:/rtools42/x86_64-w64-mingw32.static.posix/include"  -fopenmp -Wno-parentheses -Wno-deprecated-declarations   -O2 -Wall  -mfpmath=sse -msse2 -mstackrealign  -c RcppExports.cpp -o RcppExports.o
g++  -std=gnu++17 -I"C:/PROGRA~1/R/R-42~1.2/include" -DNDEBUG  -I'C:/Users/rmoja/AppData/Local/R/win-library/4.2/BH/include' -I'C:/Users/rmoja/AppData/Local/R/win-library/4.2/Rcpp/include'   -I"C:/rtools42/x86_64-w64-mingw32.static.posix/include"  -fopenmp -Wno-parentheses -Wno-deprecated-declarations   -O2 -Wall  -mfpmath=sse -msse2 -mstackrealign  -c f_base.cpp -o f_base.o
g++  -std=gnu++17 -I"C:/PROGRA~1/R/R-42~1.2/include" -DNDEBUG  -I'C:/Users/rmoja/AppData/Local/R/win-library/4.2/BH/include' -I'C:/Users/rmoja/AppData/Local/R/win-library/4.2/Rcpp/include'   -I"C:/rtools42/x86_64-w64-mingw32.static.posix/include"  -fopenmp -Wno-parentheses -Wno-deprecated-declarations   -O2 -Wall  -mfpmath=sse -msse2 -mstackrealign  -c f_cross_section.cpp -o f_cross_section.o
g++  -std=gnu++17 -I"C:/PROGRA~1/R/R-42~1.2/include" -DNDEBUG  -I'C:/Users/rmoja/AppData/Local/R/win-library/4.2/BH/include' -I'C:/Users/rmoja/AppData/Local/R/win-library/4.2/Rcpp/include'   -I"C:/rtools42/x86_64-w64-mingw32.static.posix/include"  -fopenmp -Wno-parentheses -Wno-deprecated-declarations   -O2 -Wall  -mfpmath=sse -msse2 -mstackrealign  -c f_day_based.cpp -o f_day_based.o
g++  -std=gnu++17 -I"C:/PROGRA~1/R/R-42~1.2/include" -DNDEBUG  -I'C:/Users/rmoja/AppData/Local/R/win-library/4.2/BH/include' -I'C:/Users/rmoja/AppData/Local/R/win-library/4.2/Rcpp/include'   -I"C:/rtools42/x86_64-w64-mingw32.static.posix/include"  -fopenmp -Wno-parentheses -Wno-deprecated-declarations   -O2 -Wall  -mfpmath=sse -msse2 -mstackrealign  -c f_list.cpp -o f_list.o
g++  -std=gnu++17 -I"C:/PROGRA~1/R/R-42~1.2/include" -DNDEBUG  -I'C:/Users/rmoja/AppData/Local/R/win-library/4.2/BH/include' -I'C:/Users/rmoja/AppData/Local/R/win-library/4.2/Rcpp/include'   -I"C:/rtools42/x86_64-w64-mingw32.static.posix/include"  -fopenmp -Wno-parentheses -Wno-deprecated-declarations   -O2 -Wall  -mfpmath=sse -msse2 -mstackrealign  -c f_week_based.cpp -o f_week_based.o
g++  -std=gnu++17 -I"C:/PROGRA~1/R/R-42~1.2/include" -DNDEBUG  -I'C:/Users/rmoja/AppData/Local/R/win-library/4.2/BH/include' -I'C:/Users/rmoja/AppData/Local/R/win-library/4.2/Rcpp/include'   -I"C:/rtools42/x86_64-w64-mingw32.static.posix/include"  -fopenmp -Wno-parentheses -Wno-deprecated-declarations   -O2 -Wall  -mfpmath=sse -msse2 -mstackrealign  -c f_year_based.cpp -o f_year_based.o
g++  -std=gnu++17 -I"C:/PROGRA~1/R/R-42~1.2/include" -DNDEBUG  -I'C:/Users/rmoja/AppData/Local/R/win-library/4.2/BH/include' -I'C:/Users/rmoja/AppData/Local/R/win-library/4.2/Rcpp/include'   -I"C:/rtools42/x86_64-w64-mingw32.static.posix/include"  -fopenmp -Wno-parentheses -Wno-deprecated-declarations   -O2 -Wall  -mfpmath=sse -msse2 -mstackrealign  -c helpers.cpp -o helpers.o
g++  -std=gnu++17 -I"C:/PROGRA~1/R/R-42~1.2/include" -DNDEBUG  -I'C:/Users/rmoja/AppData/Local/R/win-library/4.2/BH/include' -I'C:/Users/rmoja/AppData/Local/R/win-library/4.2/Rcpp/include'   -I"C:/rtools42/x86_64-w64-mingw32.static.posix/include"  -fopenmp -Wno-parentheses -Wno-deprecated-declarations   -O2 -Wall  -mfpmath=sse -msse2 -mstackrealign  -c r_frequency.cpp -o r_frequency.o
g++  -std=gnu++17 -I"C:/PROGRA~1/R/R-42~1.2/include" -DNDEBUG  -I'C:/Users/rmoja/AppData/Local/R/win-library/4.2/BH/include' -I'C:/Users/rmoja/AppData/Local/R/win-library/4.2/Rcpp/include'   -I"C:/rtools42/x86_64-w64-mingw32.static.posix/include"  -fopenmp -Wno-parentheses -Wno-deprecated-declarations   -O2 -Wall  -mfpmath=sse -msse2 -mstackrealign  -c r_variable.cpp -o r_variable.o
g++  -std=gnu++17 -I"C:/PROGRA~1/R/R-42~1.2/include" -DNDEBUG  -I'C:/Users/rmoja/AppData/Local/R/win-library/4.2/BH/include' -I'C:/Users/rmoja/AppData/Local/R/win-library/4.2/Rcpp/include'   -I"C:/rtools42/x86_64-w64-mingw32.static.posix/include"  -fopenmp -Wno-parentheses -Wno-deprecated-declarations   -O2 -Wall  -mfpmath=sse -msse2 -mstackrealign  -c variable.cpp -o variable.o
g++  -std=gnu++17 -I"C:/PROGRA~1/R/R-42~1.2/include" -DNDEBUG  -I'C:/Users/rmoja/AppData/Local/R/win-library/4.2/BH/include' -I'C:/Users/rmoja/AppData/Local/R/win-library/4.2/Rcpp/include'   -I"C:/rtools42/x86_64-w64-mingw32.static.posix/include"  -fopenmp -Wno-parentheses -Wno-deprecated-declarations   -O2 -Wall  -mfpmath=sse -msse2 -mstackrealign  -c variables.cpp -o variables.o
g++ -shared -s -static-libgcc -o tsExtra.dll tmp.def RcppExports.o f_base.o f_cross_section.o f_day_based.o f_list.o f_week_based.o f_year_based.o helpers.o r_frequency.o r_variable.o variable.o variables.o -fopenmp -LC:/PROGRA~1/R/R-42~1.2/bin/x64 -lRlapack -LC:/PROGRA~1/R/R-42~1.2/bin/x64 -lRblas -lgfortran -lm -lquadmath -LC:/rtools42/x86_64-w64-mingw32.static.posix/lib/x64 -LC:/rtools42/x86_64-w64-mingw32.static.posix/lib -LC:/PROGRA~1/R/R-42~1.2/bin/x64 -lR
installing to D:/GitHub/LDT/tsExtra.Rcheck/00LOCK-tsExtra/00new/tsExtra/libs/x64
** R
** byte-compile and prepare package for lazy loading
** help
*** installing help indices
** building package indices
** testing if installed package can be loaded from temporary location
** testing if installed package can be loaded from final location
** testing if installed package keeps a record of temporary installation path
* DONE (tsExtra)
